=================================================== tests coverage =================================================== 
__________________________________ coverage: platform win32, python 3.10.11-final-0 __________________________________ 

Name                              Stmts   Miss  Cover   Missing
---------------------------------------------------------------
__init__.py                           0      0   100%
config.py                             4      0   100%
librerie\NuEstractLib.py             57     14    75%   42-44, 66-67, 78-80, 107-109, 121-123
librerie\alloggi_lib.py             122     27    78%   30-31, 67-73, 89-101, 152-154, 205-208
librerie\avventura_lib.py           259     88    66%   31-32, 60-61, 90-102, 113-116, 168-182, 193-196, 254-263, 279-282, 321-361, 409-412
librerie\base_template.py            50      8    84%   37-38, 42, 47-48, 50, 75-76
librerie\benessere_lib.py           116     20    83%   31-32, 83-92, 108-110, 146-148, 192-195
librerie\citta_arte_lib.py          198     43    78%   84-93, 110-112, 163-177, 188-191, 219-221, 252-253, 265-267, 274-276, 322-325
librerie\contatti_lib.py            152     27    82%   79-81, 97-101, 140-141, 151-152, 162-164, 178-180, 208-210, 225-227, 270-273
librerie\database.py                 28      9    68%   31-33, 49-51, 69-71
librerie\famiglia_lib.py             65     14    78%   19-25, 29-31, 116-119
librerie\gastronomia_lib.py         115     18    84%   75-84, 100-102, 151-153, 197-200
librerie\intro_lib.py               337    116    66%   61-62, 77-83, 101-103, 109-111, 140-141, 156-162, 193-216, 240-241, 274-282, 298-300, 320-321, 350-360, 365-367, 379-414, 438, 444, 448-450, 456, 469, 478-479, 508-509, 521-538, 585-588
librerie\mare_lib.py                126     20    84%   31-32, 88-97, 113-115, 166-168, 218-221
librerie\master_template_lib.py     165     83    50%   34-36, 45-46, 91-94, 113-116, 153-154, 158-190, 218-222, 226-232, 236-240, 244-248, 252-256, 260-264, 268-272, 276-280, 284-288, 292-298
librerie\montagna_lib.py            126     20    84%   32-33, 91-100, 116-118, 167-169, 213-216
librerie\naturalistico_lib.py       211     49    77%   31-32, 88-97, 113-115, 137, 166-180, 191-194, 235-238, 244-246, 253-255, 264, 273-275, 334-337
librerie\noleggi_lib.py             119     24    80%   26-27, 79-87, 97-99, 127-129, 158-161, 191-194
librerie\ollama_lib.py               91     12    87%   36-38, 46-49, 54, 63, 124, 181, 222
librerie\riepilogo.py               731    426    42%   61-64, 165, 176, 191-204, 208-223, 238, 240-242, 245, 266-268, 360-364, 517-537, 542-562, 593-594, 633-698, 733-734, 762-763, 770-808, 842-954, 981-983, 994-1125, 1150-1269, 1294-1414, 1438-1439, 1453, 1455, 1479-1551, 1585-1697
librerie\template_manager.py         38      1    97%   118
librerie\trasporto_lib.py           180     55    69%   26-32, 36-38, 70-77, 93-105, 152-159, 175-187, 237-239, 283-286
librerie\utils.py                   142     70    51%   11-18, 21-33, 36-71, 74-79, 106-122, 133, 147, 168-170, 215-226, 246-251
main.py                             435    152    65%   143-146, 174, 201, 257-258, 263-264, 269-271, 286, 291-373, 391-394, 415-519, 536-540, 557-559, 595-610, 670-673, 692-694, 702-704, 718-731, 762-764, 777-779, 832, 848-850, 878-889  
run_tests.py                          7      7     0%   1-14
services\drools_service.py           31      0   100%
tests\__init__.py                     0      0   100%
tests\conftest.py                     4      0   100%
tests\test_alloggi_lib.py            96      3    97%   36, 60-61
tests\test_avventura_lib.py         140      6    96%   36, 61, 100-102, 177
tests\test_base_template.py          43      0   100%
tests\test_benessere_lib.py          86      2    98%   36, 102
tests\test_citta_arte_lib.py        110      3    97%   75-77
tests\test_contatti_lib.py           78      2    97%   45-46
tests\test_database.py               23      0   100%
tests\test_drools_service.py         42      0   100%
tests\test_famiglia_lib.py           55      2    96%   64-65
tests\test_gastronomia_lib.py        74      0   100%
tests\test_intro_lib.py              92      4    96%   48-49, 64-65
tests\test_main.py                  106      8    92%   104-107, 155-158
tests\test_mare_lib.py              102      1    99%   36
tests\test_montagna_lib.py          102      1    99%   36
tests\test_naturalistico_lib.py     118      6    95%   36, 99-101, 146-147
tests\test_noleggi_lib.py            75      2    97%   36-37
tests\test_nuextract_lib.py          83      1    99%   9
tests\test_ollama_lib.py             81      0   100%
tests\test_riepilogo.py             827    171    79%   41-53, 261, 293, 377-381, 406-410, 432-436, 461-465, 508-520, 540-544, 584-596, 616-620, 643, 667-687, 691-710, 714-730, 734-754, 758-777, 781-797, 912-914, 939-941, 971, 1122-1126, 1149, 1189-1193, 1216, 1256-1260, 1283, 1323-1326
tests\test_template_manager.py       65     13    80%   44, 68-75, 91-96, 112-117, 137
tests\test_trasporto_lib.py          97      3    97%   37, 76, 127
tests\test_utils.py                  86     14    84%   20-25, 36-37, 41-46, 58
---------------------------------------------------------------
TOTAL                              6490   1545    76% 